<?xml version="1.0" encoding="UTF-8"?>
<!-- Generated by org.testng.reporters.JUnitXMLReporter -->
<testsuite ignored="0" hostname="LAPTOP-S86Q0PN4" failures="1" tests="1" name="Test1" time="0.028" errors="0" timestamp="2022-11-10T23:05:05 IST">
  <testcase classname="moduleNameTestNg.ClassC" name="demo" time="0.0">
    <failure type="org.testng.TestNGException" message="
Parameter &amp;apos;broswer&amp;apos; is required by @Test on method demo but has not been marked @Optional or defined
in C:\Selenium 2021-06\do.timetracking.actitime.automation\CrossBrowsertestng.xml">
      <![CDATA[org.testng.TestNGException: 
Parameter 'broswer' is required by @Test on method demo but has not been marked @Optional or defined
in C:\Selenium 2021-06\do.timetracking.actitime.automation\CrossBrowsertestng.xml
at java.base/java.util.ArrayList.forEach(ArrayList.java:1511)
... Removed 26 stack frames]]>
    </failure>
  </testcase> <!-- demo -->
</testsuite> <!-- Test1 -->
