<?xml version="1.0" encoding="UTF-8"?>
<!-- Generated by org.testng.reporters.JUnitXMLReporter -->
<testsuite ignored="5" hostname="LAPTOP-S86Q0PN4" failures="0" tests="0" time="0.012" errors="0" timestamp="2022-11-10T23:07:53 IST">
  <testcase classname="moduleNameTestNg.BuyAProductTest" name="loginTest" time="0.0">
    <ignored/>
  </testcase> <!-- loginTest -->
  <testcase classname="moduleNameTestNg.BuyAProductTest" name="logoutTest" time="0.0">
    <ignored/>
  </testcase> <!-- logoutTest -->
  <testcase classname="moduleNameTestNg.BuyAProductTest" name="searchForProductTest" time="0.0">
    <ignored/>
  </testcase> <!-- searchForProductTest -->
  <testcase classname="moduleNameTestNg.BuyAProductTest" name="addToproductToCartTest" time="0.0">
    <ignored/>
  </testcase> <!-- addToproductToCartTest -->
  <testcase classname="moduleNameTestNg.BuyAProductTest" name="PaymentTest" time="0.0">
    <ignored/>
  </testcase> <!-- PaymentTest -->
</testsuite>
